!SESSION 2019-12-12 11:57:45.256 -----------------------------------------------
eclipse.buildId=4.6.3.M20170301-0400
java.version=1.8.0_191
java.vendor=Oracle Corporation
BootLoader constants: OS=win32, ARCH=x86_64, WS=win32, NL=en_US
Framework arguments:  -product org.eclipse.epp.package.jee.product
Command-line arguments:  -os win32 -ws win32 -arch x86_64 -product org.eclipse.epp.package.jee.product

!ENTRY org.eclipse.egit.ui 2 0 2019-12-12 11:58:21.739
!MESSAGE Warning: The environment variable HOME is not set. The following directory will be used to store the Git
user global configuration and to define the default location to store repositories: 'C:\Users\vramu.ORADEV'. If this is
not correct please set the HOME environment variable and restart Eclipse. Otherwise Git for Windows and
EGit might behave differently since they see different configuration options.
This warning can be switched off on the Team > Git > Confirmations and Warnings preference page.

!ENTRY org.eclipse.core.net 4 0 2019-12-12 11:58:23.944
!MESSAGE WinHttp.GetProxyForUrl for pac failed with error 'The proxy auto-configuration script could not be downloaded
' #12167.

!ENTRY org.eclipse.core.net 4 0 2019-12-12 11:58:23.957
!MESSAGE WinHttp.GetProxyForUrl for pac failed with error 'The proxy auto-configuration script could not be downloaded
' #12167.

!ENTRY org.eclipse.epp.logging.aeri.ide 2 17 2019-12-12 11:58:28.835
!MESSAGE Server ‘org.eclipse.epp.logging.aeri.ide.server’ failed with exception: java.lang.IllegalStateException: Expected BEGIN_OBJECT but was STRING at line 1 column 1. ; version: 2.0.4.v20170307-1435
!STACK 0
com.google.gson.JsonSyntaxException: java.lang.IllegalStateException: Expected BEGIN_OBJECT but was STRING at line 1 column 1
	at com.google.gson.internal.bind.ReflectiveTypeAdapterFactory$Adapter.read(ReflectiveTypeAdapterFactory.java:176)
	at com.google.gson.Gson.fromJson(Gson.java:803)
	at com.google.gson.Gson.fromJson(Gson.java:768)
	at com.google.gson.Gson.fromJson(Gson.java:717)
	at org.eclipse.epp.internal.logging.aeri.ide.server.json.Json.deserialize(Json.java:93)
	at org.eclipse.epp.internal.logging.aeri.ide.server.mars.IO.refreshConfiguration(IO.java:70)
	at org.eclipse.epp.internal.logging.aeri.ide.server.mars.ServerConnection.startUp(ServerConnection.java:124)
	at com.google.common.util.concurrent.AbstractIdleService$2$1.run(AbstractIdleService.java:54)
	at com.google.common.util.concurrent.Callables$3.run(Callables.java:93)
	at java.lang.Thread.run(Unknown Source)
Caused by: java.lang.IllegalStateException: Expected BEGIN_OBJECT but was STRING at line 1 column 1
	at com.google.gson.stream.JsonReader.beginObject(JsonReader.java:374)
	at com.google.gson.internal.bind.ReflectiveTypeAdapterFactory$Adapter.read(ReflectiveTypeAdapterFactory.java:165)
	... 9 more

!ENTRY org.eclipse.equinox.p2.operations 4 10053 2019-12-12 12:03:35.027
!MESSAGE Operation details
!SUBENTRY 1 org.eclipse.equinox.p2.operations 1 10001 2019-12-12 12:03:35.027
!MESSAGE Your original request has been modified.
!SUBENTRY 2 org.eclipse.equinox.p2.operations 1 10003 2019-12-12 12:03:35.027
!MESSAGE "TestNG M2E (Maven) Integration (Optional)" is already installed, so an update will be performed instead.
!SUBENTRY 2 org.eclipse.equinox.p2.operations 1 10003 2019-12-12 12:03:35.027
!MESSAGE "TestNG" is already installed, so an update will be performed instead.
!SUBENTRY 1 org.eclipse.equinox.p2.director 4 10053 2019-12-12 12:03:35.027
!MESSAGE Cannot complete the install because one or more required items could not be found.
!SUBENTRY 2 org.eclipse.equinox.p2.director 4 0 2019-12-12 12:03:35.027
!MESSAGE Software being installed: TestNG M2E (Maven) Integration (Optional) 7.0.0.201908240652 (org.testng.eclipse.maven.feature.feature.group 7.0.0.201908240652)
!SUBENTRY 2 org.eclipse.equinox.p2.director 4 0 2019-12-12 12:03:35.027
!MESSAGE Missing requirement: TestNG Eclipse Support 7.0.0.201908201535 (org.testng.eclipse 7.0.0.201908201535) requires 'bundle org.eclipse.jdt.launching 3.10.0' but it could not be found
!SUBENTRY 2 org.eclipse.equinox.p2.director 4 0 2019-12-12 12:03:35.027
!MESSAGE Missing requirement: TestNG Eclipse Support 7.0.0.201908240652 (org.testng.eclipse 7.0.0.201908240652) requires 'bundle org.eclipse.jdt.launching 3.10.0' but it could not be found
!SUBENTRY 2 org.eclipse.equinox.p2.director 4 1 2019-12-12 12:03:35.027
!MESSAGE Cannot satisfy dependency:
!SUBENTRY 3 org.eclipse.equinox.p2.director 4 0 2019-12-12 12:03:35.027
!MESSAGE From: TestNG 7.0.0.201908201535 (org.testng.eclipse.feature.group 7.0.0.201908201535)
!SUBENTRY 3 org.eclipse.equinox.p2.director 4 0 2019-12-12 12:03:35.027
!MESSAGE To: org.testng.eclipse [7.0.0.201908201535]
!SUBENTRY 2 org.eclipse.equinox.p2.director 4 1 2019-12-12 12:03:35.027
!MESSAGE Cannot satisfy dependency:
!SUBENTRY 3 org.eclipse.equinox.p2.director 4 0 2019-12-12 12:03:35.027
!MESSAGE From: TestNG 7.0.0.201908240652 (org.testng.eclipse.feature.group 7.0.0.201908240652)
!SUBENTRY 3 org.eclipse.equinox.p2.director 4 0 2019-12-12 12:03:35.027
!MESSAGE To: org.testng.eclipse [7.0.0.201908240652]
!SUBENTRY 2 org.eclipse.equinox.p2.director 4 1 2019-12-12 12:03:35.027
!MESSAGE Cannot satisfy dependency:
!SUBENTRY 3 org.eclipse.equinox.p2.director 4 0 2019-12-12 12:03:35.027
!MESSAGE From: TestNG M2E (Maven) Integration (Optional) 7.0.0.201908240652 (org.testng.eclipse.maven.feature.feature.group 7.0.0.201908240652)
!SUBENTRY 3 org.eclipse.equinox.p2.director 4 0 2019-12-12 12:03:35.027
!MESSAGE To: org.testng.eclipse.feature.group [7.0.0,8.0.0)

!ENTRY org.eclipse.equinox.p2.operations 4 10053 2019-12-12 12:03:35.037
!MESSAGE Operation details
!SUBENTRY 1 org.eclipse.equinox.p2.operations 1 10001 2019-12-12 12:03:35.037
!MESSAGE Your original request has been modified.
!SUBENTRY 2 org.eclipse.equinox.p2.operations 1 10003 2019-12-12 12:03:35.037
!MESSAGE "TestNG M2E (Maven) Integration (Optional)" is already installed, so an update will be performed instead.
!SUBENTRY 2 org.eclipse.equinox.p2.operations 1 10003 2019-12-12 12:03:35.037
!MESSAGE "TestNG" is already installed, so an update will be performed instead.
!SUBENTRY 1 org.eclipse.equinox.p2.director 4 10053 2019-12-12 12:03:35.037
!MESSAGE Cannot complete the install because one or more required items could not be found.
!SUBENTRY 2 org.eclipse.equinox.p2.director 4 0 2019-12-12 12:03:35.037
!MESSAGE Software being installed: TestNG M2E (Maven) Integration (Optional) 7.0.0.201908240652 (org.testng.eclipse.maven.feature.feature.group 7.0.0.201908240652)
!SUBENTRY 2 org.eclipse.equinox.p2.director 4 0 2019-12-12 12:03:35.037
!MESSAGE Missing requirement: TestNG Eclipse Support 7.0.0.201908201535 (org.testng.eclipse 7.0.0.201908201535) requires 'bundle org.eclipse.jdt.launching 3.10.0' but it could not be found
!SUBENTRY 2 org.eclipse.equinox.p2.director 4 0 2019-12-12 12:03:35.037
!MESSAGE Missing requirement: TestNG Eclipse Support 7.0.0.201908240652 (org.testng.eclipse 7.0.0.201908240652) requires 'bundle org.eclipse.jdt.launching 3.10.0' but it could not be found
!SUBENTRY 2 org.eclipse.equinox.p2.director 4 1 2019-12-12 12:03:35.037
!MESSAGE Cannot satisfy dependency:
!SUBENTRY 3 org.eclipse.equinox.p2.director 4 0 2019-12-12 12:03:35.037
!MESSAGE From: TestNG 7.0.0.201908201535 (org.testng.eclipse.feature.group 7.0.0.201908201535)
!SUBENTRY 3 org.eclipse.equinox.p2.director 4 0 2019-12-12 12:03:35.038
!MESSAGE To: org.testng.eclipse [7.0.0.201908201535]
!SUBENTRY 2 org.eclipse.equinox.p2.director 4 1 2019-12-12 12:03:35.038
!MESSAGE Cannot satisfy dependency:
!SUBENTRY 3 org.eclipse.equinox.p2.director 4 0 2019-12-12 12:03:35.038
!MESSAGE From: TestNG 7.0.0.201908240652 (org.testng.eclipse.feature.group 7.0.0.201908240652)
!SUBENTRY 3 org.eclipse.equinox.p2.director 4 0 2019-12-12 12:03:35.038
!MESSAGE To: org.testng.eclipse [7.0.0.201908240652]
!SUBENTRY 2 org.eclipse.equinox.p2.director 4 1 2019-12-12 12:03:35.038
!MESSAGE Cannot satisfy dependency:
!SUBENTRY 3 org.eclipse.equinox.p2.director 4 0 2019-12-12 12:03:35.038
!MESSAGE From: TestNG M2E (Maven) Integration (Optional) 7.0.0.201908240652 (org.testng.eclipse.maven.feature.feature.group 7.0.0.201908240652)
!SUBENTRY 3 org.eclipse.equinox.p2.director 4 0 2019-12-12 12:03:35.038
!MESSAGE To: org.testng.eclipse.feature.group [7.0.0,8.0.0)

!ENTRY org.eclipse.equinox.p2.operations 4 10053 2019-12-12 12:03:35.059
!MESSAGE Operation details
!SUBENTRY 1 org.eclipse.equinox.p2.operations 1 10001 2019-12-12 12:03:35.059
!MESSAGE Your original request has been modified.
!SUBENTRY 2 org.eclipse.equinox.p2.operations 1 10003 2019-12-12 12:03:35.059
!MESSAGE "TestNG M2E (Maven) Integration (Optional)" is already installed, so an update will be performed instead.
!SUBENTRY 2 org.eclipse.equinox.p2.operations 1 10003 2019-12-12 12:03:35.059
!MESSAGE "TestNG" is already installed, so an update will be performed instead.
!SUBENTRY 1 org.eclipse.equinox.p2.director 4 10053 2019-12-12 12:03:35.059
!MESSAGE Cannot complete the install because one or more required items could not be found.
!SUBENTRY 2 org.eclipse.equinox.p2.director 4 0 2019-12-12 12:03:35.059
!MESSAGE Software being installed: TestNG M2E (Maven) Integration (Optional) 7.0.0.201908240652 (org.testng.eclipse.maven.feature.feature.group 7.0.0.201908240652)
!SUBENTRY 2 org.eclipse.equinox.p2.director 4 0 2019-12-12 12:03:35.059
!MESSAGE Missing requirement: TestNG Eclipse Support 7.0.0.201908201535 (org.testng.eclipse 7.0.0.201908201535) requires 'bundle org.eclipse.jdt.launching 3.10.0' but it could not be found
!SUBENTRY 2 org.eclipse.equinox.p2.director 4 0 2019-12-12 12:03:35.059
!MESSAGE Missing requirement: TestNG Eclipse Support 7.0.0.201908240652 (org.testng.eclipse 7.0.0.201908240652) requires 'bundle org.eclipse.jdt.launching 3.10.0' but it could not be found
!SUBENTRY 2 org.eclipse.equinox.p2.director 4 1 2019-12-12 12:03:35.060
!MESSAGE Cannot satisfy dependency:
!SUBENTRY 3 org.eclipse.equinox.p2.director 4 0 2019-12-12 12:03:35.060
!MESSAGE From: TestNG 7.0.0.201908201535 (org.testng.eclipse.feature.group 7.0.0.201908201535)
!SUBENTRY 3 org.eclipse.equinox.p2.director 4 0 2019-12-12 12:03:35.060
!MESSAGE To: org.testng.eclipse [7.0.0.201908201535]
!SUBENTRY 2 org.eclipse.equinox.p2.director 4 1 2019-12-12 12:03:35.060
!MESSAGE Cannot satisfy dependency:
!SUBENTRY 3 org.eclipse.equinox.p2.director 4 0 2019-12-12 12:03:35.060
!MESSAGE From: TestNG 7.0.0.201908240652 (org.testng.eclipse.feature.group 7.0.0.201908240652)
!SUBENTRY 3 org.eclipse.equinox.p2.director 4 0 2019-12-12 12:03:35.060
!MESSAGE To: org.testng.eclipse [7.0.0.201908240652]
!SUBENTRY 2 org.eclipse.equinox.p2.director 4 1 2019-12-12 12:03:35.060
!MESSAGE Cannot satisfy dependency:
!SUBENTRY 3 org.eclipse.equinox.p2.director 4 0 2019-12-12 12:03:35.060
!MESSAGE From: TestNG M2E (Maven) Integration (Optional) 7.0.0.201908240652 (org.testng.eclipse.maven.feature.feature.group 7.0.0.201908240652)
!SUBENTRY 3 org.eclipse.equinox.p2.director 4 0 2019-12-12 12:03:35.060
!MESSAGE To: org.testng.eclipse.feature.group [7.0.0,8.0.0)

!ENTRY org.eclipse.equinox.p2.operations 4 10053 2019-12-12 12:03:35.062
!MESSAGE Operation details
!SUBENTRY 1 org.eclipse.equinox.p2.operations 1 10001 2019-12-12 12:03:35.062
!MESSAGE Your original request has been modified.
!SUBENTRY 2 org.eclipse.equinox.p2.operations 1 10003 2019-12-12 12:03:35.062
!MESSAGE "TestNG M2E (Maven) Integration (Optional)" is already installed, so an update will be performed instead.
!SUBENTRY 2 org.eclipse.equinox.p2.operations 1 10003 2019-12-12 12:03:35.062
!MESSAGE "TestNG" is already installed, so an update will be performed instead.
!SUBENTRY 1 org.eclipse.equinox.p2.director 4 10053 2019-12-12 12:03:35.062
!MESSAGE Cannot complete the install because one or more required items could not be found.
!SUBENTRY 2 org.eclipse.equinox.p2.director 4 0 2019-12-12 12:03:35.062
!MESSAGE Software being installed: TestNG M2E (Maven) Integration (Optional) 7.0.0.201908240652 (org.testng.eclipse.maven.feature.feature.group 7.0.0.201908240652)
!SUBENTRY 2 org.eclipse.equinox.p2.director 4 0 2019-12-12 12:03:35.062
!MESSAGE Missing requirement: TestNG Eclipse Support 7.0.0.201908201535 (org.testng.eclipse 7.0.0.201908201535) requires 'bundle org.eclipse.jdt.launching 3.10.0' but it could not be found
!SUBENTRY 2 org.eclipse.equinox.p2.director 4 0 2019-12-12 12:03:35.062
!MESSAGE Missing requirement: TestNG Eclipse Support 7.0.0.201908240652 (org.testng.eclipse 7.0.0.201908240652) requires 'bundle org.eclipse.jdt.launching 3.10.0' but it could not be found
!SUBENTRY 2 org.eclipse.equinox.p2.director 4 1 2019-12-12 12:03:35.062
!MESSAGE Cannot satisfy dependency:
!SUBENTRY 3 org.eclipse.equinox.p2.director 4 0 2019-12-12 12:03:35.062
!MESSAGE From: TestNG 7.0.0.201908201535 (org.testng.eclipse.feature.group 7.0.0.201908201535)
!SUBENTRY 3 org.eclipse.equinox.p2.director 4 0 2019-12-12 12:03:35.062
!MESSAGE To: org.testng.eclipse [7.0.0.201908201535]
!SUBENTRY 2 org.eclipse.equinox.p2.director 4 1 2019-12-12 12:03:35.062
!MESSAGE Cannot satisfy dependency:
!SUBENTRY 3 org.eclipse.equinox.p2.director 4 0 2019-12-12 12:03:35.062
!MESSAGE From: TestNG 7.0.0.201908240652 (org.testng.eclipse.feature.group 7.0.0.201908240652)
!SUBENTRY 3 org.eclipse.equinox.p2.director 4 0 2019-12-12 12:03:35.062
!MESSAGE To: org.testng.eclipse [7.0.0.201908240652]
!SUBENTRY 2 org.eclipse.equinox.p2.director 4 1 2019-12-12 12:03:35.063
!MESSAGE Cannot satisfy dependency:
!SUBENTRY 3 org.eclipse.equinox.p2.director 4 0 2019-12-12 12:03:35.063
!MESSAGE From: TestNG M2E (Maven) Integration (Optional) 7.0.0.201908240652 (org.testng.eclipse.maven.feature.feature.group 7.0.0.201908240652)
!SUBENTRY 3 org.eclipse.equinox.p2.director 4 0 2019-12-12 12:03:35.063
!MESSAGE To: org.testng.eclipse.feature.group [7.0.0,8.0.0)
!SESSION 2019-12-12 12:05:10.465 -----------------------------------------------
eclipse.buildId=4.6.3.M20170301-0400
java.version=1.8.0_191
java.vendor=Oracle Corporation
BootLoader constants: OS=win32, ARCH=x86_64, WS=win32, NL=en_US
Framework arguments:  -product org.eclipse.epp.package.jee.product -product org.eclipse.epp.package.jee.product
Command-line arguments:  -os win32 -ws win32 -arch x86_64 -product org.eclipse.epp.package.jee.product -data file:/D:/WS7_Rapido/ -product org.eclipse.epp.package.jee.product

!ENTRY org.eclipse.egit.ui 2 0 2019-12-12 12:05:30.411
!MESSAGE Warning: The environment variable HOME is not set. The following directory will be used to store the Git
user global configuration and to define the default location to store repositories: 'C:\Users\vramu.ORADEV'. If this is
not correct please set the HOME environment variable and restart Eclipse. Otherwise Git for Windows and
EGit might behave differently since they see different configuration options.
This warning can be switched off on the Team > Git > Confirmations and Warnings preference page.

!ENTRY org.eclipse.e4.ui.workbench 2 0 2019-12-12 12:05:32.261
!MESSAGE Removing part descriptor with the 'org.testng.eclipse.ResultView' id and the 'TestNG' description. Points to the invalid 'bundleclass://org.eclipse.ui.workbench/org.eclipse.ui.internal.e4.compatibility.CompatibilityView' class.

!ENTRY org.eclipse.core.net 4 0 2019-12-12 12:05:33.405
!MESSAGE WinHttp.GetProxyForUrl for pac failed with error 'The proxy auto-configuration script could not be downloaded
' #12167.

!ENTRY org.eclipse.epp.logging.aeri.ide 2 17 2019-12-12 12:05:37.780
!MESSAGE Server ‘org.eclipse.epp.logging.aeri.ide.server’ failed with exception: java.lang.IllegalStateException: Expected BEGIN_OBJECT but was STRING at line 1 column 1. ; version: 2.0.4.v20170307-1435
!STACK 0
com.google.gson.JsonSyntaxException: java.lang.IllegalStateException: Expected BEGIN_OBJECT but was STRING at line 1 column 1
	at com.google.gson.internal.bind.ReflectiveTypeAdapterFactory$Adapter.read(ReflectiveTypeAdapterFactory.java:176)
	at com.google.gson.Gson.fromJson(Gson.java:803)
	at com.google.gson.Gson.fromJson(Gson.java:768)
	at com.google.gson.Gson.fromJson(Gson.java:717)
	at org.eclipse.epp.internal.logging.aeri.ide.server.json.Json.deserialize(Json.java:93)
	at org.eclipse.epp.internal.logging.aeri.ide.server.mars.IO.refreshConfiguration(IO.java:70)
	at org.eclipse.epp.internal.logging.aeri.ide.server.mars.ServerConnection.startUp(ServerConnection.java:124)
	at com.google.common.util.concurrent.AbstractIdleService$2$1.run(AbstractIdleService.java:54)
	at com.google.common.util.concurrent.Callables$3.run(Callables.java:93)
	at java.lang.Thread.run(Unknown Source)
Caused by: java.lang.IllegalStateException: Expected BEGIN_OBJECT but was STRING at line 1 column 1
	at com.google.gson.stream.JsonReader.beginObject(JsonReader.java:374)
	at com.google.gson.internal.bind.ReflectiveTypeAdapterFactory$Adapter.read(ReflectiveTypeAdapterFactory.java:165)
	... 9 more

!ENTRY org.eclipse.jface.text 2 0 2019-12-12 12:10:51.998
!MESSAGE Duplicate template id: 'org.eclipse.wst.xslt.templates.xpath.number'

!ENTRY org.eclipse.jface.text 2 0 2019-12-12 12:10:52.000
!MESSAGE Duplicate template id: 'org.eclipse.wst.xslt.templates.xpath.round'

!ENTRY org.eclipse.equinox.p2.operations 4 10053 2019-12-12 12:22:27.012
!MESSAGE Operation details
!SUBENTRY 1 org.eclipse.equinox.p2.director 4 10053 2019-12-12 12:22:27.012
!MESSAGE Cannot complete the install because one or more required items could not be found.
!SUBENTRY 2 org.eclipse.equinox.p2.director 4 0 2019-12-12 12:22:27.012
!MESSAGE Software being installed: TestNG 7.0.0.201908240652 (org.testng.eclipse.feature.group 7.0.0.201908240652)
!SUBENTRY 2 org.eclipse.equinox.p2.director 4 0 2019-12-12 12:22:27.012
!MESSAGE Missing requirement: TestNG Eclipse Support 7.0.0.201908240652 (org.testng.eclipse 7.0.0.201908240652) requires 'bundle org.eclipse.jdt.launching 3.10.0' but it could not be found
!SUBENTRY 2 org.eclipse.equinox.p2.director 4 1 2019-12-12 12:22:27.012
!MESSAGE Cannot satisfy dependency:
!SUBENTRY 3 org.eclipse.equinox.p2.director 4 0 2019-12-12 12:22:27.012
!MESSAGE From: TestNG 7.0.0.201908240652 (org.testng.eclipse.feature.group 7.0.0.201908240652)
!SUBENTRY 3 org.eclipse.equinox.p2.director 4 0 2019-12-12 12:22:27.012
!MESSAGE To: org.testng.eclipse [7.0.0.201908240652]

!ENTRY org.eclipse.equinox.p2.operations 4 10053 2019-12-12 12:22:27.021
!MESSAGE Operation details
!SUBENTRY 1 org.eclipse.equinox.p2.director 4 10053 2019-12-12 12:22:27.021
!MESSAGE Cannot complete the install because one or more required items could not be found.
!SUBENTRY 2 org.eclipse.equinox.p2.director 4 0 2019-12-12 12:22:27.021
!MESSAGE Software being installed: TestNG 7.0.0.201908240652 (org.testng.eclipse.feature.group 7.0.0.201908240652)
!SUBENTRY 2 org.eclipse.equinox.p2.director 4 0 2019-12-12 12:22:27.021
!MESSAGE Missing requirement: TestNG Eclipse Support 7.0.0.201908240652 (org.testng.eclipse 7.0.0.201908240652) requires 'bundle org.eclipse.jdt.launching 3.10.0' but it could not be found
!SUBENTRY 2 org.eclipse.equinox.p2.director 4 1 2019-12-12 12:22:27.021
!MESSAGE Cannot satisfy dependency:
!SUBENTRY 3 org.eclipse.equinox.p2.director 4 0 2019-12-12 12:22:27.021
!MESSAGE From: TestNG 7.0.0.201908240652 (org.testng.eclipse.feature.group 7.0.0.201908240652)
!SUBENTRY 3 org.eclipse.equinox.p2.director 4 0 2019-12-12 12:22:27.021
!MESSAGE To: org.testng.eclipse [7.0.0.201908240652]

!ENTRY org.eclipse.equinox.p2.operations 4 10053 2019-12-12 12:22:27.033
!MESSAGE Operation details
!SUBENTRY 1 org.eclipse.equinox.p2.director 4 10053 2019-12-12 12:22:27.033
!MESSAGE Cannot complete the install because one or more required items could not be found.
!SUBENTRY 2 org.eclipse.equinox.p2.director 4 0 2019-12-12 12:22:27.033
!MESSAGE Software being installed: TestNG 7.0.0.201908240652 (org.testng.eclipse.feature.group 7.0.0.201908240652)
!SUBENTRY 2 org.eclipse.equinox.p2.director 4 0 2019-12-12 12:22:27.033
!MESSAGE Missing requirement: TestNG Eclipse Support 7.0.0.201908240652 (org.testng.eclipse 7.0.0.201908240652) requires 'bundle org.eclipse.jdt.launching 3.10.0' but it could not be found
!SUBENTRY 2 org.eclipse.equinox.p2.director 4 1 2019-12-12 12:22:27.033
!MESSAGE Cannot satisfy dependency:
!SUBENTRY 3 org.eclipse.equinox.p2.director 4 0 2019-12-12 12:22:27.033
!MESSAGE From: TestNG 7.0.0.201908240652 (org.testng.eclipse.feature.group 7.0.0.201908240652)
!SUBENTRY 3 org.eclipse.equinox.p2.director 4 0 2019-12-12 12:22:27.033
!MESSAGE To: org.testng.eclipse [7.0.0.201908240652]

!ENTRY org.eclipse.equinox.p2.operations 4 10053 2019-12-12 12:22:27.035
!MESSAGE Operation details
!SUBENTRY 1 org.eclipse.equinox.p2.director 4 10053 2019-12-12 12:22:27.035
!MESSAGE Cannot complete the install because one or more required items could not be found.
!SUBENTRY 2 org.eclipse.equinox.p2.director 4 0 2019-12-12 12:22:27.035
!MESSAGE Software being installed: TestNG 7.0.0.201908240652 (org.testng.eclipse.feature.group 7.0.0.201908240652)
!SUBENTRY 2 org.eclipse.equinox.p2.director 4 0 2019-12-12 12:22:27.035
!MESSAGE Missing requirement: TestNG Eclipse Support 7.0.0.201908240652 (org.testng.eclipse 7.0.0.201908240652) requires 'bundle org.eclipse.jdt.launching 3.10.0' but it could not be found
!SUBENTRY 2 org.eclipse.equinox.p2.director 4 1 2019-12-12 12:22:27.035
!MESSAGE Cannot satisfy dependency:
!SUBENTRY 3 org.eclipse.equinox.p2.director 4 0 2019-12-12 12:22:27.035
!MESSAGE From: TestNG 7.0.0.201908240652 (org.testng.eclipse.feature.group 7.0.0.201908240652)
!SUBENTRY 3 org.eclipse.equinox.p2.director 4 0 2019-12-12 12:22:27.035
!MESSAGE To: org.testng.eclipse [7.0.0.201908240652]
!SESSION 2019-12-12 12:23:43.276 -----------------------------------------------
eclipse.buildId=4.6.3.M20170301-0400
java.version=1.8.0_191
java.vendor=Oracle Corporation
BootLoader constants: OS=win32, ARCH=x86_64, WS=win32, NL=en_US
Framework arguments:  -product org.eclipse.epp.package.jee.product -product org.eclipse.epp.package.jee.product -product org.eclipse.epp.package.jee.product
Command-line arguments:  -os win32 -ws win32 -arch x86_64 -product org.eclipse.epp.package.jee.product -product org.eclipse.epp.package.jee.product -data file:/D:/WS7_Rapido/ -product org.eclipse.epp.package.jee.product

!ENTRY org.eclipse.egit.ui 2 0 2019-12-12 12:24:08.565
!MESSAGE Warning: The environment variable HOME is not set. The following directory will be used to store the Git
user global configuration and to define the default location to store repositories: 'C:\Users\vramu.ORADEV'. If this is
not correct please set the HOME environment variable and restart Eclipse. Otherwise Git for Windows and
EGit might behave differently since they see different configuration options.
This warning can be switched off on the Team > Git > Confirmations and Warnings preference page.

!ENTRY org.eclipse.core.net 4 0 2019-12-12 12:24:11.435
!MESSAGE WinHttp.GetProxyForUrl for pac failed with error 'The proxy auto-configuration script could not be downloaded
' #12167.

!ENTRY org.eclipse.epp.logging.aeri.ide 2 17 2019-12-12 12:24:15.080
!MESSAGE Server ‘org.eclipse.epp.logging.aeri.ide.server’ failed with exception: java.lang.IllegalStateException: Expected BEGIN_OBJECT but was STRING at line 1 column 1. ; version: 2.0.4.v20170307-1435
!STACK 0
com.google.gson.JsonSyntaxException: java.lang.IllegalStateException: Expected BEGIN_OBJECT but was STRING at line 1 column 1
	at com.google.gson.internal.bind.ReflectiveTypeAdapterFactory$Adapter.read(ReflectiveTypeAdapterFactory.java:176)
	at com.google.gson.Gson.fromJson(Gson.java:803)
	at com.google.gson.Gson.fromJson(Gson.java:768)
	at com.google.gson.Gson.fromJson(Gson.java:717)
	at org.eclipse.epp.internal.logging.aeri.ide.server.json.Json.deserialize(Json.java:93)
	at org.eclipse.epp.internal.logging.aeri.ide.server.mars.IO.refreshConfiguration(IO.java:70)
	at org.eclipse.epp.internal.logging.aeri.ide.server.mars.ServerConnection.startUp(ServerConnection.java:124)
	at com.google.common.util.concurrent.AbstractIdleService$2$1.run(AbstractIdleService.java:54)
	at com.google.common.util.concurrent.Callables$3.run(Callables.java:93)
	at java.lang.Thread.run(Unknown Source)
Caused by: java.lang.IllegalStateException: Expected BEGIN_OBJECT but was STRING at line 1 column 1
	at com.google.gson.stream.JsonReader.beginObject(JsonReader.java:374)
	at com.google.gson.internal.bind.ReflectiveTypeAdapterFactory$Adapter.read(ReflectiveTypeAdapterFactory.java:165)
	... 9 more

!ENTRY org.testng.eclipse 1 0 2019-12-12 12:24:36.709
!MESSAGE [TestNGLaunchConfigurationDelegate] Launching:
  Classpath: D:\WS7_Rapido\assignment\target\test-classes D:\WS7_Rapido\assignment\target\classes C:\Users\vramu.ORADEV\.m2\repository\junit\junit\3.8.1\junit-3.8.1.jar C:\Users\vramu.ORADEV\.m2\repository\org\seleniumhq\selenium\selenium-server\3.141.59\selenium-server-3.141.59.jar C:\Users\vramu.ORADEV\.m2\repository\org\seleniumhq\selenium\selenium-java\3.141.59\selenium-java-3.141.59.jar C:\Users\vramu.ORADEV\.m2\repository\org\seleniumhq\selenium\selenium-api\3.141.59\selenium-api-3.141.59.jar C:\Users\vramu.ORADEV\.m2\repository\org\seleniumhq\selenium\selenium-chrome-driver\3.141.59\selenium-chrome-driver-3.141.59.jar C:\Users\vramu.ORADEV\.m2\repository\org\seleniumhq\selenium\selenium-edge-driver\3.141.59\selenium-edge-driver-3.141.59.jar C:\Users\vramu.ORADEV\.m2\repository\org\seleniumhq\selenium\selenium-firefox-driver\3.141.59\selenium-firefox-driver-3.141.59.jar C:\Users\vramu.ORADEV\.m2\repository\org\seleniumhq\selenium\selenium-ie-driver\3.141.59\selenium-ie-driver-3.141.59.jar C:\Users\vramu.ORADEV\.m2\repository\org\seleniumhq\selenium\selenium-opera-driver\3.141.59\selenium-opera-driver-3.141.59.jar C:\Users\vramu.ORADEV\.m2\repository\org\seleniumhq\selenium\selenium-remote-driver\3.141.59\selenium-remote-driver-3.141.59.jar C:\Users\vramu.ORADEV\.m2\repository\org\seleniumhq\selenium\selenium-safari-driver\3.141.59\selenium-safari-driver-3.141.59.jar C:\Users\vramu.ORADEV\.m2\repository\org\seleniumhq\selenium\selenium-support\3.141.59\selenium-support-3.141.59.jar C:\Users\vramu.ORADEV\.m2\repository\com\beust\jcommander\1.72\jcommander-1.72.jar C:\Users\vramu.ORADEV\.m2\repository\net\bytebuddy\byte-buddy\1.8.15\byte-buddy-1.8.15.jar C:\Users\vramu.ORADEV\.m2\repository\org\apache\commons\commons-exec\1.3\commons-exec-1.3.jar C:\Users\vramu.ORADEV\.m2\repository\com\google\guava\guava\25.0-jre\guava-25.0-jre.jar C:\Users\vramu.ORADEV\.m2\repository\com\google\code\findbugs\jsr305\1.3.9\jsr305-1.3.9.jar C:\Users\vramu.ORADEV\.m2\repository\org\checkerframework\checker-compat-qual\2.0.0\checker-compat-qual-2.0.0.jar C:\Users\vramu.ORADEV\.m2\repository\com\google\errorprone\error_prone_annotations\2.1.3\error_prone_annotations-2.1.3.jar C:\Users\vramu.ORADEV\.m2\repository\com\google\j2objc\j2objc-annotations\1.1\j2objc-annotations-1.1.jar C:\Users\vramu.ORADEV\.m2\repository\org\codehaus\mojo\animal-sniffer-annotations\1.14\animal-sniffer-annotations-1.14.jar C:\Users\vramu.ORADEV\.m2\repository\net\jcip\jcip-annotations\1.0\jcip-annotations-1.0.jar C:\Users\vramu.ORADEV\.m2\repository\org\seleniumhq\selenium\jetty-repacked\9.4.12.v20180830\jetty-repacked-9.4.12.v20180830.jar C:\Users\vramu.ORADEV\.m2\repository\com\squareup\okhttp3\okhttp\3.11.0\okhttp-3.11.0.jar C:\Users\vramu.ORADEV\.m2\repository\com\squareup\okio\okio\1.14.0\okio-1.14.0.jar C:\Users\vramu.ORADEV\.m2\repository\javax\servlet\javax.servlet-api\3.1.0\javax.servlet-api-3.1.0.jar C:\Users\vramu.ORADEV\.m2\repository\org\yaml\snakeyaml\1.19\snakeyaml-1.19.jar C:\Users\vramu.ORADEV\.m2\repository\org\testng\testng\6.14.3\testng-6.14.3.jar C:\Users\vramu.ORADEV\.m2\repository\org\apache-extras\beanshell\bsh\2.0b6\bsh-2.0b6.jar C:\Users\vramu.ORADEV\.m2\repository\log4j\log4j\1.2.17\log4j-1.2.17.jar C:\Users\vramu.ORADEV\.m2\repository\org\json\json\20140107\json-20140107.jar C:\Users\vramu.ORADEV\.m2\repository\com\google\code\gson\gson\2.8.0\gson-2.8.0.jar
  VMArgs:    -ea
  Class:     org.testng.remote.RemoteTestNG
  Args:      -serport 63112 -d D:\WS7_Rapido\assignment\test-output C:\Users\VRAMU~1.ORA\AppData\Local\Temp\testng-eclipse--699152110\testng-customsuite.xml
java -ea -classpath D:\WS7_Rapido\assignment\target\test-classes:D:\WS7_Rapido\assignment\target\classes:C:\Users\vramu.ORADEV\.m2\repository\junit\junit\3.8.1\junit-3.8.1.jar:C:\Users\vramu.ORADEV\.m2\repository\org\seleniumhq\selenium\selenium-server\3.141.59\selenium-server-3.141.59.jar:C:\Users\vramu.ORADEV\.m2\repository\org\seleniumhq\selenium\selenium-java\3.141.59\selenium-java-3.141.59.jar:C:\Users\vramu.ORADEV\.m2\repository\org\seleniumhq\selenium\selenium-api\3.141.59\selenium-api-3.141.59.jar:C:\Users\vramu.ORADEV\.m2\repository\org\seleniumhq\selenium\selenium-chrome-driver\3.141.59\selenium-chrome-driver-3.141.59.jar:C:\Users\vramu.ORADEV\.m2\repository\org\seleniumhq\selenium\selenium-edge-driver\3.141.59\selenium-edge-driver-3.141.59.jar:C:\Users\vramu.ORADEV\.m2\repository\org\seleniumhq\selenium\selenium-firefox-driver\3.141.59\selenium-firefox-driver-3.141.59.jar:C:\Users\vramu.ORADEV\.m2\repository\org\seleniumhq\selenium\selenium-ie-driver\3.141.59\selenium-ie-driver-3.141.59.jar:C:\Users\vramu.ORADEV\.m2\repository\org\seleniumhq\selenium\selenium-opera-driver\3.141.59\selenium-opera-driver-3.141.59.jar:C:\Users\vramu.ORADEV\.m2\repository\org\seleniumhq\selenium\selenium-remote-driver\3.141.59\selenium-remote-driver-3.141.59.jar:C:\Users\vramu.ORADEV\.m2\repository\org\seleniumhq\selenium\selenium-safari-driver\3.141.59\selenium-safari-driver-3.141.59.jar:C:\Users\vramu.ORADEV\.m2\repository\org\seleniumhq\selenium\selenium-support\3.141.59\selenium-support-3.141.59.jar:C:\Users\vramu.ORADEV\.m2\repository\com\beust\jcommander\1.72\jcommander-1.72.jar:C:\Users\vramu.ORADEV\.m2\repository\net\bytebuddy\byte-buddy\1.8.15\byte-buddy-1.8.15.jar:C:\Users\vramu.ORADEV\.m2\repository\org\apache\commons\commons-exec\1.3\commons-exec-1.3.jar:C:\Users\vramu.ORADEV\.m2\repository\com\google\guava\guava\25.0-jre\guava-25.0-jre.jar:C:\Users\vramu.ORADEV\.m2\repository\com\google\code\findbugs\jsr305\1.3.9\jsr305-1.3.9.jar:C:\Users\vramu.ORADEV\.m2\repository\org\checkerframework\checker-compat-qual\2.0.0\checker-compat-qual-2.0.0.jar:C:\Users\vramu.ORADEV\.m2\repository\com\google\errorprone\error_prone_annotations\2.1.3\error_prone_annotations-2.1.3.jar:C:\Users\vramu.ORADEV\.m2\repository\com\google\j2objc\j2objc-annotations\1.1\j2objc-annotations-1.1.jar:C:\Users\vramu.ORADEV\.m2\repository\org\codehaus\mojo\animal-sniffer-annotations\1.14\animal-sniffer-annotations-1.14.jar:C:\Users\vramu.ORADEV\.m2\repository\net\jcip\jcip-annotations\1.0\jcip-annotations-1.0.jar:C:\Users\vramu.ORADEV\.m2\repository\org\seleniumhq\selenium\jetty-repacked\9.4.12.v20180830\jetty-repacked-9.4.12.v20180830.jar:C:\Users\vramu.ORADEV\.m2\repository\com\squareup\okhttp3\okhttp\3.11.0\okhttp-3.11.0.jar:C:\Users\vramu.ORADEV\.m2\repository\com\squareup\okio\okio\1.14.0\okio-1.14.0.jar:C:\Users\vramu.ORADEV\.m2\repository\javax\servlet\javax.servlet-api\3.1.0\javax.servlet-api-3.1.0.jar:C:\Users\vramu.ORADEV\.m2\repository\org\yaml\snakeyaml\1.19\snakeyaml-1.19.jar:C:\Users\vramu.ORADEV\.m2\repository\org\testng\testng\6.14.3\testng-6.14.3.jar:C:\Users\vramu.ORADEV\.m2\repository\org\apache-extras\beanshell\bsh\2.0b6\bsh-2.0b6.jar:C:\Users\vramu.ORADEV\.m2\repository\log4j\log4j\1.2.17\log4j-1.2.17.jar:C:\Users\vramu.ORADEV\.m2\repository\org\json\json\20140107\json-20140107.jar:C:\Users\vramu.ORADEV\.m2\repository\com\google\code\gson\gson\2.8.0\gson-2.8.0.jar org.testng.remote.RemoteTestNG -serport 63112 -d D:\WS7_Rapido\assignment\test-output C:\Users\VRAMU~1.ORA\AppData\Local\Temp\testng-eclipse--699152110\testng-customsuite.xml

!ENTRY org.testng.eclipse 1 0 2019-12-12 12:25:01.763
!MESSAGE [TestNGLaunchConfigurationDelegate] Launching:
  Classpath: D:\WS7_Rapido\assignment\target\test-classes D:\WS7_Rapido\assignment\target\classes C:\Users\vramu.ORADEV\.m2\repository\junit\junit\3.8.1\junit-3.8.1.jar C:\Users\vramu.ORADEV\.m2\repository\org\seleniumhq\selenium\selenium-server\3.141.59\selenium-server-3.141.59.jar C:\Users\vramu.ORADEV\.m2\repository\org\seleniumhq\selenium\selenium-java\3.141.59\selenium-java-3.141.59.jar C:\Users\vramu.ORADEV\.m2\repository\org\seleniumhq\selenium\selenium-api\3.141.59\selenium-api-3.141.59.jar C:\Users\vramu.ORADEV\.m2\repository\org\seleniumhq\selenium\selenium-chrome-driver\3.141.59\selenium-chrome-driver-3.141.59.jar C:\Users\vramu.ORADEV\.m2\repository\org\seleniumhq\selenium\selenium-edge-driver\3.141.59\selenium-edge-driver-3.141.59.jar C:\Users\vramu.ORADEV\.m2\repository\org\seleniumhq\selenium\selenium-firefox-driver\3.141.59\selenium-firefox-driver-3.141.59.jar C:\Users\vramu.ORADEV\.m2\repository\org\seleniumhq\selenium\selenium-ie-driver\3.141.59\selenium-ie-driver-3.141.59.jar C:\Users\vramu.ORADEV\.m2\repository\org\seleniumhq\selenium\selenium-opera-driver\3.141.59\selenium-opera-driver-3.141.59.jar C:\Users\vramu.ORADEV\.m2\repository\org\seleniumhq\selenium\selenium-remote-driver\3.141.59\selenium-remote-driver-3.141.59.jar C:\Users\vramu.ORADEV\.m2\repository\org\seleniumhq\selenium\selenium-safari-driver\3.141.59\selenium-safari-driver-3.141.59.jar C:\Users\vramu.ORADEV\.m2\repository\org\seleniumhq\selenium\selenium-support\3.141.59\selenium-support-3.141.59.jar C:\Users\vramu.ORADEV\.m2\repository\com\beust\jcommander\1.72\jcommander-1.72.jar C:\Users\vramu.ORADEV\.m2\repository\net\bytebuddy\byte-buddy\1.8.15\byte-buddy-1.8.15.jar C:\Users\vramu.ORADEV\.m2\repository\org\apache\commons\commons-exec\1.3\commons-exec-1.3.jar C:\Users\vramu.ORADEV\.m2\repository\com\google\guava\guava\25.0-jre\guava-25.0-jre.jar C:\Users\vramu.ORADEV\.m2\repository\com\google\code\findbugs\jsr305\1.3.9\jsr305-1.3.9.jar C:\Users\vramu.ORADEV\.m2\repository\org\checkerframework\checker-compat-qual\2.0.0\checker-compat-qual-2.0.0.jar C:\Users\vramu.ORADEV\.m2\repository\com\google\errorprone\error_prone_annotations\2.1.3\error_prone_annotations-2.1.3.jar C:\Users\vramu.ORADEV\.m2\repository\com\google\j2objc\j2objc-annotations\1.1\j2objc-annotations-1.1.jar C:\Users\vramu.ORADEV\.m2\repository\org\codehaus\mojo\animal-sniffer-annotations\1.14\animal-sniffer-annotations-1.14.jar C:\Users\vramu.ORADEV\.m2\repository\net\jcip\jcip-annotations\1.0\jcip-annotations-1.0.jar C:\Users\vramu.ORADEV\.m2\repository\org\seleniumhq\selenium\jetty-repacked\9.4.12.v20180830\jetty-repacked-9.4.12.v20180830.jar C:\Users\vramu.ORADEV\.m2\repository\com\squareup\okhttp3\okhttp\3.11.0\okhttp-3.11.0.jar C:\Users\vramu.ORADEV\.m2\repository\com\squareup\okio\okio\1.14.0\okio-1.14.0.jar C:\Users\vramu.ORADEV\.m2\repository\javax\servlet\javax.servlet-api\3.1.0\javax.servlet-api-3.1.0.jar C:\Users\vramu.ORADEV\.m2\repository\org\yaml\snakeyaml\1.19\snakeyaml-1.19.jar C:\Users\vramu.ORADEV\.m2\repository\org\testng\testng\6.14.3\testng-6.14.3.jar C:\Users\vramu.ORADEV\.m2\repository\org\apache-extras\beanshell\bsh\2.0b6\bsh-2.0b6.jar C:\Users\vramu.ORADEV\.m2\repository\log4j\log4j\1.2.17\log4j-1.2.17.jar C:\Users\vramu.ORADEV\.m2\repository\org\json\json\20140107\json-20140107.jar C:\Users\vramu.ORADEV\.m2\repository\com\google\code\gson\gson\2.8.0\gson-2.8.0.jar
  VMArgs:    -ea
  Class:     org.testng.remote.RemoteTestNG
  Args:      -serport 63134 -d D:\WS7_Rapido\assignment\test-output C:\Users\VRAMU~1.ORA\AppData\Local\Temp\testng-eclipse--276282421\testng-customsuite.xml
java -ea -classpath D:\WS7_Rapido\assignment\target\test-classes:D:\WS7_Rapido\assignment\target\classes:C:\Users\vramu.ORADEV\.m2\repository\junit\junit\3.8.1\junit-3.8.1.jar:C:\Users\vramu.ORADEV\.m2\repository\org\seleniumhq\selenium\selenium-server\3.141.59\selenium-server-3.141.59.jar:C:\Users\vramu.ORADEV\.m2\repository\org\seleniumhq\selenium\selenium-java\3.141.59\selenium-java-3.141.59.jar:C:\Users\vramu.ORADEV\.m2\repository\org\seleniumhq\selenium\selenium-api\3.141.59\selenium-api-3.141.59.jar:C:\Users\vramu.ORADEV\.m2\repository\org\seleniumhq\selenium\selenium-chrome-driver\3.141.59\selenium-chrome-driver-3.141.59.jar:C:\Users\vramu.ORADEV\.m2\repository\org\seleniumhq\selenium\selenium-edge-driver\3.141.59\selenium-edge-driver-3.141.59.jar:C:\Users\vramu.ORADEV\.m2\repository\org\seleniumhq\selenium\selenium-firefox-driver\3.141.59\selenium-firefox-driver-3.141.59.jar:C:\Users\vramu.ORADEV\.m2\repository\org\seleniumhq\selenium\selenium-ie-driver\3.141.59\selenium-ie-driver-3.141.59.jar:C:\Users\vramu.ORADEV\.m2\repository\org\seleniumhq\selenium\selenium-opera-driver\3.141.59\selenium-opera-driver-3.141.59.jar:C:\Users\vramu.ORADEV\.m2\repository\org\seleniumhq\selenium\selenium-remote-driver\3.141.59\selenium-remote-driver-3.141.59.jar:C:\Users\vramu.ORADEV\.m2\repository\org\seleniumhq\selenium\selenium-safari-driver\3.141.59\selenium-safari-driver-3.141.59.jar:C:\Users\vramu.ORADEV\.m2\repository\org\seleniumhq\selenium\selenium-support\3.141.59\selenium-support-3.141.59.jar:C:\Users\vramu.ORADEV\.m2\repository\com\beust\jcommander\1.72\jcommander-1.72.jar:C:\Users\vramu.ORADEV\.m2\repository\net\bytebuddy\byte-buddy\1.8.15\byte-buddy-1.8.15.jar:C:\Users\vramu.ORADEV\.m2\repository\org\apache\commons\commons-exec\1.3\commons-exec-1.3.jar:C:\Users\vramu.ORADEV\.m2\repository\com\google\guava\guava\25.0-jre\guava-25.0-jre.jar:C:\Users\vramu.ORADEV\.m2\repository\com\google\code\findbugs\jsr305\1.3.9\jsr305-1.3.9.jar:C:\Users\vramu.ORADEV\.m2\repository\org\checkerframework\checker-compat-qual\2.0.0\checker-compat-qual-2.0.0.jar:C:\Users\vramu.ORADEV\.m2\repository\com\google\errorprone\error_prone_annotations\2.1.3\error_prone_annotations-2.1.3.jar:C:\Users\vramu.ORADEV\.m2\repository\com\google\j2objc\j2objc-annotations\1.1\j2objc-annotations-1.1.jar:C:\Users\vramu.ORADEV\.m2\repository\org\codehaus\mojo\animal-sniffer-annotations\1.14\animal-sniffer-annotations-1.14.jar:C:\Users\vramu.ORADEV\.m2\repository\net\jcip\jcip-annotations\1.0\jcip-annotations-1.0.jar:C:\Users\vramu.ORADEV\.m2\repository\org\seleniumhq\selenium\jetty-repacked\9.4.12.v20180830\jetty-repacked-9.4.12.v20180830.jar:C:\Users\vramu.ORADEV\.m2\repository\com\squareup\okhttp3\okhttp\3.11.0\okhttp-3.11.0.jar:C:\Users\vramu.ORADEV\.m2\repository\com\squareup\okio\okio\1.14.0\okio-1.14.0.jar:C:\Users\vramu.ORADEV\.m2\repository\javax\servlet\javax.servlet-api\3.1.0\javax.servlet-api-3.1.0.jar:C:\Users\vramu.ORADEV\.m2\repository\org\yaml\snakeyaml\1.19\snakeyaml-1.19.jar:C:\Users\vramu.ORADEV\.m2\repository\org\testng\testng\6.14.3\testng-6.14.3.jar:C:\Users\vramu.ORADEV\.m2\repository\org\apache-extras\beanshell\bsh\2.0b6\bsh-2.0b6.jar:C:\Users\vramu.ORADEV\.m2\repository\log4j\log4j\1.2.17\log4j-1.2.17.jar:C:\Users\vramu.ORADEV\.m2\repository\org\json\json\20140107\json-20140107.jar:C:\Users\vramu.ORADEV\.m2\repository\com\google\code\gson\gson\2.8.0\gson-2.8.0.jar org.testng.remote.RemoteTestNG -serport 63134 -d D:\WS7_Rapido\assignment\test-output C:\Users\VRAMU~1.ORA\AppData\Local\Temp\testng-eclipse--276282421\testng-customsuite.xml

!ENTRY org.testng.eclipse 1 0 2019-12-12 12:26:05.388
!MESSAGE [TestNGLaunchConfigurationDelegate] Launching:
  Classpath: D:\WS7_Rapido\assignment\target\test-classes D:\WS7_Rapido\assignment\target\classes C:\Users\vramu.ORADEV\.m2\repository\junit\junit\3.8.1\junit-3.8.1.jar C:\Users\vramu.ORADEV\.m2\repository\org\seleniumhq\selenium\selenium-server\3.141.59\selenium-server-3.141.59.jar C:\Users\vramu.ORADEV\.m2\repository\org\seleniumhq\selenium\selenium-java\3.141.59\selenium-java-3.141.59.jar C:\Users\vramu.ORADEV\.m2\repository\org\seleniumhq\selenium\selenium-api\3.141.59\selenium-api-3.141.59.jar C:\Users\vramu.ORADEV\.m2\repository\org\seleniumhq\selenium\selenium-chrome-driver\3.141.59\selenium-chrome-driver-3.141.59.jar C:\Users\vramu.ORADEV\.m2\repository\org\seleniumhq\selenium\selenium-edge-driver\3.141.59\selenium-edge-driver-3.141.59.jar C:\Users\vramu.ORADEV\.m2\repository\org\seleniumhq\selenium\selenium-firefox-driver\3.141.59\selenium-firefox-driver-3.141.59.jar C:\Users\vramu.ORADEV\.m2\repository\org\seleniumhq\selenium\selenium-ie-driver\3.141.59\selenium-ie-driver-3.141.59.jar C:\Users\vramu.ORADEV\.m2\repository\org\seleniumhq\selenium\selenium-opera-driver\3.141.59\selenium-opera-driver-3.141.59.jar C:\Users\vramu.ORADEV\.m2\repository\org\seleniumhq\selenium\selenium-remote-driver\3.141.59\selenium-remote-driver-3.141.59.jar C:\Users\vramu.ORADEV\.m2\repository\org\seleniumhq\selenium\selenium-safari-driver\3.141.59\selenium-safari-driver-3.141.59.jar C:\Users\vramu.ORADEV\.m2\repository\org\seleniumhq\selenium\selenium-support\3.141.59\selenium-support-3.141.59.jar C:\Users\vramu.ORADEV\.m2\repository\com\beust\jcommander\1.72\jcommander-1.72.jar C:\Users\vramu.ORADEV\.m2\repository\net\bytebuddy\byte-buddy\1.8.15\byte-buddy-1.8.15.jar C:\Users\vramu.ORADEV\.m2\repository\org\apache\commons\commons-exec\1.3\commons-exec-1.3.jar C:\Users\vramu.ORADEV\.m2\repository\com\google\guava\guava\25.0-jre\guava-25.0-jre.jar C:\Users\vramu.ORADEV\.m2\repository\com\google\code\findbugs\jsr305\1.3.9\jsr305-1.3.9.jar C:\Users\vramu.ORADEV\.m2\repository\org\checkerframework\checker-compat-qual\2.0.0\checker-compat-qual-2.0.0.jar C:\Users\vramu.ORADEV\.m2\repository\com\google\errorprone\error_prone_annotations\2.1.3\error_prone_annotations-2.1.3.jar C:\Users\vramu.ORADEV\.m2\repository\com\google\j2objc\j2objc-annotations\1.1\j2objc-annotations-1.1.jar C:\Users\vramu.ORADEV\.m2\repository\org\codehaus\mojo\animal-sniffer-annotations\1.14\animal-sniffer-annotations-1.14.jar C:\Users\vramu.ORADEV\.m2\repository\net\jcip\jcip-annotations\1.0\jcip-annotations-1.0.jar C:\Users\vramu.ORADEV\.m2\repository\org\seleniumhq\selenium\jetty-repacked\9.4.12.v20180830\jetty-repacked-9.4.12.v20180830.jar C:\Users\vramu.ORADEV\.m2\repository\com\squareup\okhttp3\okhttp\3.11.0\okhttp-3.11.0.jar C:\Users\vramu.ORADEV\.m2\repository\com\squareup\okio\okio\1.14.0\okio-1.14.0.jar C:\Users\vramu.ORADEV\.m2\repository\javax\servlet\javax.servlet-api\3.1.0\javax.servlet-api-3.1.0.jar C:\Users\vramu.ORADEV\.m2\repository\org\yaml\snakeyaml\1.19\snakeyaml-1.19.jar C:\Users\vramu.ORADEV\.m2\repository\org\testng\testng\6.14.3\testng-6.14.3.jar C:\Users\vramu.ORADEV\.m2\repository\org\apache-extras\beanshell\bsh\2.0b6\bsh-2.0b6.jar C:\Users\vramu.ORADEV\.m2\repository\log4j\log4j\1.2.17\log4j-1.2.17.jar C:\Users\vramu.ORADEV\.m2\repository\org\json\json\20140107\json-20140107.jar C:\Users\vramu.ORADEV\.m2\repository\com\google\code\gson\gson\2.8.0\gson-2.8.0.jar
  VMArgs:    -ea
  Class:     org.testng.remote.RemoteTestNG
  Args:      -serport 63186 -d D:\WS7_Rapido\assignment\test-output C:\Users\VRAMU~1.ORA\AppData\Local\Temp\testng-eclipse--1418358363\testng-customsuite.xml
java -ea -classpath D:\WS7_Rapido\assignment\target\test-classes:D:\WS7_Rapido\assignment\target\classes:C:\Users\vramu.ORADEV\.m2\repository\junit\junit\3.8.1\junit-3.8.1.jar:C:\Users\vramu.ORADEV\.m2\repository\org\seleniumhq\selenium\selenium-server\3.141.59\selenium-server-3.141.59.jar:C:\Users\vramu.ORADEV\.m2\repository\org\seleniumhq\selenium\selenium-java\3.141.59\selenium-java-3.141.59.jar:C:\Users\vramu.ORADEV\.m2\repository\org\seleniumhq\selenium\selenium-api\3.141.59\selenium-api-3.141.59.jar:C:\Users\vramu.ORADEV\.m2\repository\org\seleniumhq\selenium\selenium-chrome-driver\3.141.59\selenium-chrome-driver-3.141.59.jar:C:\Users\vramu.ORADEV\.m2\repository\org\seleniumhq\selenium\selenium-edge-driver\3.141.59\selenium-edge-driver-3.141.59.jar:C:\Users\vramu.ORADEV\.m2\repository\org\seleniumhq\selenium\selenium-firefox-driver\3.141.59\selenium-firefox-driver-3.141.59.jar:C:\Users\vramu.ORADEV\.m2\repository\org\seleniumhq\selenium\selenium-ie-driver\3.141.59\selenium-ie-driver-3.141.59.jar:C:\Users\vramu.ORADEV\.m2\repository\org\seleniumhq\selenium\selenium-opera-driver\3.141.59\selenium-opera-driver-3.141.59.jar:C:\Users\vramu.ORADEV\.m2\repository\org\seleniumhq\selenium\selenium-remote-driver\3.141.59\selenium-remote-driver-3.141.59.jar:C:\Users\vramu.ORADEV\.m2\repository\org\seleniumhq\selenium\selenium-safari-driver\3.141.59\selenium-safari-driver-3.141.59.jar:C:\Users\vramu.ORADEV\.m2\repository\org\seleniumhq\selenium\selenium-support\3.141.59\selenium-support-3.141.59.jar:C:\Users\vramu.ORADEV\.m2\repository\com\beust\jcommander\1.72\jcommander-1.72.jar:C:\Users\vramu.ORADEV\.m2\repository\net\bytebuddy\byte-buddy\1.8.15\byte-buddy-1.8.15.jar:C:\Users\vramu.ORADEV\.m2\repository\org\apache\commons\commons-exec\1.3\commons-exec-1.3.jar:C:\Users\vramu.ORADEV\.m2\repository\com\google\guava\guava\25.0-jre\guava-25.0-jre.jar:C:\Users\vramu.ORADEV\.m2\repository\com\google\code\findbugs\jsr305\1.3.9\jsr305-1.3.9.jar:C:\Users\vramu.ORADEV\.m2\repository\org\checkerframework\checker-compat-qual\2.0.0\checker-compat-qual-2.0.0.jar:C:\Users\vramu.ORADEV\.m2\repository\com\google\errorprone\error_prone_annotations\2.1.3\error_prone_annotations-2.1.3.jar:C:\Users\vramu.ORADEV\.m2\repository\com\google\j2objc\j2objc-annotations\1.1\j2objc-annotations-1.1.jar:C:\Users\vramu.ORADEV\.m2\repository\org\codehaus\mojo\animal-sniffer-annotations\1.14\animal-sniffer-annotations-1.14.jar:C:\Users\vramu.ORADEV\.m2\repository\net\jcip\jcip-annotations\1.0\jcip-annotations-1.0.jar:C:\Users\vramu.ORADEV\.m2\repository\org\seleniumhq\selenium\jetty-repacked\9.4.12.v20180830\jetty-repacked-9.4.12.v20180830.jar:C:\Users\vramu.ORADEV\.m2\repository\com\squareup\okhttp3\okhttp\3.11.0\okhttp-3.11.0.jar:C:\Users\vramu.ORADEV\.m2\repository\com\squareup\okio\okio\1.14.0\okio-1.14.0.jar:C:\Users\vramu.ORADEV\.m2\repository\javax\servlet\javax.servlet-api\3.1.0\javax.servlet-api-3.1.0.jar:C:\Users\vramu.ORADEV\.m2\repository\org\yaml\snakeyaml\1.19\snakeyaml-1.19.jar:C:\Users\vramu.ORADEV\.m2\repository\org\testng\testng\6.14.3\testng-6.14.3.jar:C:\Users\vramu.ORADEV\.m2\repository\org\apache-extras\beanshell\bsh\2.0b6\bsh-2.0b6.jar:C:\Users\vramu.ORADEV\.m2\repository\log4j\log4j\1.2.17\log4j-1.2.17.jar:C:\Users\vramu.ORADEV\.m2\repository\org\json\json\20140107\json-20140107.jar:C:\Users\vramu.ORADEV\.m2\repository\com\google\code\gson\gson\2.8.0\gson-2.8.0.jar org.testng.remote.RemoteTestNG -serport 63186 -d D:\WS7_Rapido\assignment\test-output C:\Users\VRAMU~1.ORA\AppData\Local\Temp\testng-eclipse--1418358363\testng-customsuite.xml

!ENTRY org.testng.eclipse 1 0 2019-12-12 12:26:57.843
!MESSAGE [TestNGLaunchConfigurationDelegate] Launching:
  Classpath: C:\Users\vramu.ORADEV\.p2\pool\plugins\org.testng.eclipse_6.9.5.201505251947\lib\testng.jar C:\Users\vramu.ORADEV\.p2\pool\plugins\org.testng.eclipse_6.9.5.201505251947\lib\jcommander.jar C:\Users\vramu.ORADEV\.p2\pool\plugins\org.testng.eclipse_6.9.5.201505251947\lib\bsh-2.0b4.jar C:\Users\vramu.ORADEV\.p2\pool\plugins\org.testng.eclipse_6.9.5.201505251947\lib\snakeyaml.jar D:\WS7_Rapido\assignment\target\test-classes D:\WS7_Rapido\assignment\target\classes C:\Users\vramu.ORADEV\.m2\repository\junit\junit\3.8.1\junit-3.8.1.jar C:\Users\vramu.ORADEV\.m2\repository\org\seleniumhq\selenium\selenium-server\3.141.59\selenium-server-3.141.59.jar C:\Users\vramu.ORADEV\.m2\repository\org\seleniumhq\selenium\selenium-java\3.141.59\selenium-java-3.141.59.jar C:\Users\vramu.ORADEV\.m2\repository\org\seleniumhq\selenium\selenium-api\3.141.59\selenium-api-3.141.59.jar C:\Users\vramu.ORADEV\.m2\repository\org\seleniumhq\selenium\selenium-chrome-driver\3.141.59\selenium-chrome-driver-3.141.59.jar C:\Users\vramu.ORADEV\.m2\repository\org\seleniumhq\selenium\selenium-edge-driver\3.141.59\selenium-edge-driver-3.141.59.jar C:\Users\vramu.ORADEV\.m2\repository\org\seleniumhq\selenium\selenium-firefox-driver\3.141.59\selenium-firefox-driver-3.141.59.jar C:\Users\vramu.ORADEV\.m2\repository\org\seleniumhq\selenium\selenium-ie-driver\3.141.59\selenium-ie-driver-3.141.59.jar C:\Users\vramu.ORADEV\.m2\repository\org\seleniumhq\selenium\selenium-opera-driver\3.141.59\selenium-opera-driver-3.141.59.jar C:\Users\vramu.ORADEV\.m2\repository\org\seleniumhq\selenium\selenium-remote-driver\3.141.59\selenium-remote-driver-3.141.59.jar C:\Users\vramu.ORADEV\.m2\repository\org\seleniumhq\selenium\selenium-safari-driver\3.141.59\selenium-safari-driver-3.141.59.jar C:\Users\vramu.ORADEV\.m2\repository\org\seleniumhq\selenium\selenium-support\3.141.59\selenium-support-3.141.59.jar C:\Users\vramu.ORADEV\.m2\repository\com\beust\jcommander\1.72\jcommander-1.72.jar C:\Users\vramu.ORADEV\.m2\repository\net\bytebuddy\byte-buddy\1.8.15\byte-buddy-1.8.15.jar C:\Users\vramu.ORADEV\.m2\repository\org\apache\commons\commons-exec\1.3\commons-exec-1.3.jar C:\Users\vramu.ORADEV\.m2\repository\com\google\guava\guava\25.0-jre\guava-25.0-jre.jar C:\Users\vramu.ORADEV\.m2\repository\com\google\code\findbugs\jsr305\1.3.9\jsr305-1.3.9.jar C:\Users\vramu.ORADEV\.m2\repository\org\checkerframework\checker-compat-qual\2.0.0\checker-compat-qual-2.0.0.jar C:\Users\vramu.ORADEV\.m2\repository\com\google\errorprone\error_prone_annotations\2.1.3\error_prone_annotations-2.1.3.jar C:\Users\vramu.ORADEV\.m2\repository\com\google\j2objc\j2objc-annotations\1.1\j2objc-annotations-1.1.jar C:\Users\vramu.ORADEV\.m2\repository\org\codehaus\mojo\animal-sniffer-annotations\1.14\animal-sniffer-annotations-1.14.jar C:\Users\vramu.ORADEV\.m2\repository\net\jcip\jcip-annotations\1.0\jcip-annotations-1.0.jar C:\Users\vramu.ORADEV\.m2\repository\org\seleniumhq\selenium\jetty-repacked\9.4.12.v20180830\jetty-repacked-9.4.12.v20180830.jar C:\Users\vramu.ORADEV\.m2\repository\com\squareup\okhttp3\okhttp\3.11.0\okhttp-3.11.0.jar C:\Users\vramu.ORADEV\.m2\repository\com\squareup\okio\okio\1.14.0\okio-1.14.0.jar C:\Users\vramu.ORADEV\.m2\repository\javax\servlet\javax.servlet-api\3.1.0\javax.servlet-api-3.1.0.jar C:\Users\vramu.ORADEV\.m2\repository\org\yaml\snakeyaml\1.19\snakeyaml-1.19.jar C:\Users\vramu.ORADEV\.m2\repository\org\testng\testng\6.14.3\testng-6.14.3.jar C:\Users\vramu.ORADEV\.m2\repository\org\apache-extras\beanshell\bsh\2.0b6\bsh-2.0b6.jar C:\Users\vramu.ORADEV\.m2\repository\log4j\log4j\1.2.17\log4j-1.2.17.jar C:\Users\vramu.ORADEV\.m2\repository\org\json\json\20140107\json-20140107.jar C:\Users\vramu.ORADEV\.m2\repository\com\google\code\gson\gson\2.8.0\gson-2.8.0.jar
  VMArgs:    -ea
  Class:     org.testng.remote.RemoteTestNG
  Args:      -serport 63233 -d D:\WS7_Rapido\assignment\test-output C:\Users\VRAMU~1.ORA\AppData\Local\Temp\testng-eclipse-524131564\testng-customsuite.xml
java -ea -classpath C:\Users\vramu.ORADEV\.p2\pool\plugins\org.testng.eclipse_6.9.5.201505251947\lib\testng.jar:C:\Users\vramu.ORADEV\.p2\pool\plugins\org.testng.eclipse_6.9.5.201505251947\lib\jcommander.jar:C:\Users\vramu.ORADEV\.p2\pool\plugins\org.testng.eclipse_6.9.5.201505251947\lib\bsh-2.0b4.jar:C:\Users\vramu.ORADEV\.p2\pool\plugins\org.testng.eclipse_6.9.5.201505251947\lib\snakeyaml.jar:D:\WS7_Rapido\assignment\target\test-classes:D:\WS7_Rapido\assignment\target\classes:C:\Users\vramu.ORADEV\.m2\repository\junit\junit\3.8.1\junit-3.8.1.jar:C:\Users\vramu.ORADEV\.m2\repository\org\seleniumhq\selenium\selenium-server\3.141.59\selenium-server-3.141.59.jar:C:\Users\vramu.ORADEV\.m2\repository\org\seleniumhq\selenium\selenium-java\3.141.59\selenium-java-3.141.59.jar:C:\Users\vramu.ORADEV\.m2\repository\org\seleniumhq\selenium\selenium-api\3.141.59\selenium-api-3.141.59.jar:C:\Users\vramu.ORADEV\.m2\repository\org\seleniumhq\selenium\selenium-chrome-driver\3.141.59\selenium-chrome-driver-3.141.59.jar:C:\Users\vramu.ORADEV\.m2\repository\org\seleniumhq\selenium\selenium-edge-driver\3.141.59\selenium-edge-driver-3.141.59.jar:C:\Users\vramu.ORADEV\.m2\repository\org\seleniumhq\selenium\selenium-firefox-driver\3.141.59\selenium-firefox-driver-3.141.59.jar:C:\Users\vramu.ORADEV\.m2\repository\org\seleniumhq\selenium\selenium-ie-driver\3.141.59\selenium-ie-driver-3.141.59.jar:C:\Users\vramu.ORADEV\.m2\repository\org\seleniumhq\selenium\selenium-opera-driver\3.141.59\selenium-opera-driver-3.141.59.jar:C:\Users\vramu.ORADEV\.m2\repository\org\seleniumhq\selenium\selenium-remote-driver\3.141.59\selenium-remote-driver-3.141.59.jar:C:\Users\vramu.ORADEV\.m2\repository\org\seleniumhq\selenium\selenium-safari-driver\3.141.59\selenium-safari-driver-3.141.59.jar:C:\Users\vramu.ORADEV\.m2\repository\org\seleniumhq\selenium\selenium-support\3.141.59\selenium-support-3.141.59.jar:C:\Users\vramu.ORADEV\.m2\repository\com\beust\jcommander\1.72\jcommander-1.72.jar:C:\Users\vramu.ORADEV\.m2\repository\net\bytebuddy\byte-buddy\1.8.15\byte-buddy-1.8.15.jar:C:\Users\vramu.ORADEV\.m2\repository\org\apache\commons\commons-exec\1.3\commons-exec-1.3.jar:C:\Users\vramu.ORADEV\.m2\repository\com\google\guava\guava\25.0-jre\guava-25.0-jre.jar:C:\Users\vramu.ORADEV\.m2\repository\com\google\code\findbugs\jsr305\1.3.9\jsr305-1.3.9.jar:C:\Users\vramu.ORADEV\.m2\repository\org\checkerframework\checker-compat-qual\2.0.0\checker-compat-qual-2.0.0.jar:C:\Users\vramu.ORADEV\.m2\repository\com\google\errorprone\error_prone_annotations\2.1.3\error_prone_annotations-2.1.3.jar:C:\Users\vramu.ORADEV\.m2\repository\com\google\j2objc\j2objc-annotations\1.1\j2objc-annotations-1.1.jar:C:\Users\vramu.ORADEV\.m2\repository\org\codehaus\mojo\animal-sniffer-annotations\1.14\animal-sniffer-annotations-1.14.jar:C:\Users\vramu.ORADEV\.m2\repository\net\jcip\jcip-annotations\1.0\jcip-annotations-1.0.jar:C:\Users\vramu.ORADEV\.m2\repository\org\seleniumhq\selenium\jetty-repacked\9.4.12.v20180830\jetty-repacked-9.4.12.v20180830.jar:C:\Users\vramu.ORADEV\.m2\repository\com\squareup\okhttp3\okhttp\3.11.0\okhttp-3.11.0.jar:C:\Users\vramu.ORADEV\.m2\repository\com\squareup\okio\okio\1.14.0\okio-1.14.0.jar:C:\Users\vramu.ORADEV\.m2\repository\javax\servlet\javax.servlet-api\3.1.0\javax.servlet-api-3.1.0.jar:C:\Users\vramu.ORADEV\.m2\repository\org\yaml\snakeyaml\1.19\snakeyaml-1.19.jar:C:\Users\vramu.ORADEV\.m2\repository\org\testng\testng\6.14.3\testng-6.14.3.jar:C:\Users\vramu.ORADEV\.m2\repository\org\apache-extras\beanshell\bsh\2.0b6\bsh-2.0b6.jar:C:\Users\vramu.ORADEV\.m2\repository\log4j\log4j\1.2.17\log4j-1.2.17.jar:C:\Users\vramu.ORADEV\.m2\repository\org\json\json\20140107\json-20140107.jar:C:\Users\vramu.ORADEV\.m2\repository\com\google\code\gson\gson\2.8.0\gson-2.8.0.jar org.testng.remote.RemoteTestNG -serport 63233 -d D:\WS7_Rapido\assignment\test-output C:\Users\VRAMU~1.ORA\AppData\Local\Temp\testng-eclipse-524131564\testng-customsuite.xml

!ENTRY org.testng.eclipse 1 0 2019-12-12 12:27:15.831
!MESSAGE [TestNGLaunchConfigurationDelegate] Launching:
  Classpath: C:\Users\vramu.ORADEV\.p2\pool\plugins\org.testng.eclipse_6.9.5.201505251947\lib\testng.jar C:\Users\vramu.ORADEV\.p2\pool\plugins\org.testng.eclipse_6.9.5.201505251947\lib\jcommander.jar C:\Users\vramu.ORADEV\.p2\pool\plugins\org.testng.eclipse_6.9.5.201505251947\lib\bsh-2.0b4.jar C:\Users\vramu.ORADEV\.p2\pool\plugins\org.testng.eclipse_6.9.5.201505251947\lib\snakeyaml.jar D:\WS7_Rapido\assignment\target\test-classes D:\WS7_Rapido\assignment\target\classes C:\Users\vramu.ORADEV\.m2\repository\junit\junit\3.8.1\junit-3.8.1.jar C:\Users\vramu.ORADEV\.m2\repository\org\seleniumhq\selenium\selenium-server\3.141.59\selenium-server-3.141.59.jar C:\Users\vramu.ORADEV\.m2\repository\org\seleniumhq\selenium\selenium-java\3.141.59\selenium-java-3.141.59.jar C:\Users\vramu.ORADEV\.m2\repository\org\seleniumhq\selenium\selenium-api\3.141.59\selenium-api-3.141.59.jar C:\Users\vramu.ORADEV\.m2\repository\org\seleniumhq\selenium\selenium-chrome-driver\3.141.59\selenium-chrome-driver-3.141.59.jar C:\Users\vramu.ORADEV\.m2\repository\org\seleniumhq\selenium\selenium-edge-driver\3.141.59\selenium-edge-driver-3.141.59.jar C:\Users\vramu.ORADEV\.m2\repository\org\seleniumhq\selenium\selenium-firefox-driver\3.141.59\selenium-firefox-driver-3.141.59.jar C:\Users\vramu.ORADEV\.m2\repository\org\seleniumhq\selenium\selenium-ie-driver\3.141.59\selenium-ie-driver-3.141.59.jar C:\Users\vramu.ORADEV\.m2\repository\org\seleniumhq\selenium\selenium-opera-driver\3.141.59\selenium-opera-driver-3.141.59.jar C:\Users\vramu.ORADEV\.m2\repository\org\seleniumhq\selenium\selenium-remote-driver\3.141.59\selenium-remote-driver-3.141.59.jar C:\Users\vramu.ORADEV\.m2\repository\org\seleniumhq\selenium\selenium-safari-driver\3.141.59\selenium-safari-driver-3.141.59.jar C:\Users\vramu.ORADEV\.m2\repository\org\seleniumhq\selenium\selenium-support\3.141.59\selenium-support-3.141.59.jar C:\Users\vramu.ORADEV\.m2\repository\com\beust\jcommander\1.72\jcommander-1.72.jar C:\Users\vramu.ORADEV\.m2\repository\net\bytebuddy\byte-buddy\1.8.15\byte-buddy-1.8.15.jar C:\Users\vramu.ORADEV\.m2\repository\org\apache\commons\commons-exec\1.3\commons-exec-1.3.jar C:\Users\vramu.ORADEV\.m2\repository\com\google\guava\guava\25.0-jre\guava-25.0-jre.jar C:\Users\vramu.ORADEV\.m2\repository\com\google\code\findbugs\jsr305\1.3.9\jsr305-1.3.9.jar C:\Users\vramu.ORADEV\.m2\repository\org\checkerframework\checker-compat-qual\2.0.0\checker-compat-qual-2.0.0.jar C:\Users\vramu.ORADEV\.m2\repository\com\google\errorprone\error_prone_annotations\2.1.3\error_prone_annotations-2.1.3.jar C:\Users\vramu.ORADEV\.m2\repository\com\google\j2objc\j2objc-annotations\1.1\j2objc-annotations-1.1.jar C:\Users\vramu.ORADEV\.m2\repository\org\codehaus\mojo\animal-sniffer-annotations\1.14\animal-sniffer-annotations-1.14.jar C:\Users\vramu.ORADEV\.m2\repository\net\jcip\jcip-annotations\1.0\jcip-annotations-1.0.jar C:\Users\vramu.ORADEV\.m2\repository\org\seleniumhq\selenium\jetty-repacked\9.4.12.v20180830\jetty-repacked-9.4.12.v20180830.jar C:\Users\vramu.ORADEV\.m2\repository\com\squareup\okhttp3\okhttp\3.11.0\okhttp-3.11.0.jar C:\Users\vramu.ORADEV\.m2\repository\com\squareup\okio\okio\1.14.0\okio-1.14.0.jar C:\Users\vramu.ORADEV\.m2\repository\javax\servlet\javax.servlet-api\3.1.0\javax.servlet-api-3.1.0.jar C:\Users\vramu.ORADEV\.m2\repository\org\yaml\snakeyaml\1.19\snakeyaml-1.19.jar C:\Users\vramu.ORADEV\.m2\repository\org\testng\testng\6.14.3\testng-6.14.3.jar C:\Users\vramu.ORADEV\.m2\repository\org\apache-extras\beanshell\bsh\2.0b6\bsh-2.0b6.jar C:\Users\vramu.ORADEV\.m2\repository\log4j\log4j\1.2.17\log4j-1.2.17.jar C:\Users\vramu.ORADEV\.m2\repository\org\json\json\20140107\json-20140107.jar C:\Users\vramu.ORADEV\.m2\repository\com\google\code\gson\gson\2.8.0\gson-2.8.0.jar
  VMArgs:    -ea
  Class:     org.testng.remote.RemoteTestNG
  Args:      -serport 63249 -d D:\WS7_Rapido\assignment\test-output C:\Users\VRAMU~1.ORA\AppData\Local\Temp\testng-eclipse--821320015\testng-customsuite.xml
java -ea -classpath C:\Users\vramu.ORADEV\.p2\pool\plugins\org.testng.eclipse_6.9.5.201505251947\lib\testng.jar:C:\Users\vramu.ORADEV\.p2\pool\plugins\org.testng.eclipse_6.9.5.201505251947\lib\jcommander.jar:C:\Users\vramu.ORADEV\.p2\pool\plugins\org.testng.eclipse_6.9.5.201505251947\lib\bsh-2.0b4.jar:C:\Users\vramu.ORADEV\.p2\pool\plugins\org.testng.eclipse_6.9.5.201505251947\lib\snakeyaml.jar:D:\WS7_Rapido\assignment\target\test-classes:D:\WS7_Rapido\assignment\target\classes:C:\Users\vramu.ORADEV\.m2\repository\junit\junit\3.8.1\junit-3.8.1.jar:C:\Users\vramu.ORADEV\.m2\repository\org\seleniumhq\selenium\selenium-server\3.141.59\selenium-server-3.141.59.jar:C:\Users\vramu.ORADEV\.m2\repository\org\seleniumhq\selenium\selenium-java\3.141.59\selenium-java-3.141.59.jar:C:\Users\vramu.ORADEV\.m2\repository\org\seleniumhq\selenium\selenium-api\3.141.59\selenium-api-3.141.59.jar:C:\Users\vramu.ORADEV\.m2\repository\org\seleniumhq\selenium\selenium-chrome-driver\3.141.59\selenium-chrome-driver-3.141.59.jar:C:\Users\vramu.ORADEV\.m2\repository\org\seleniumhq\selenium\selenium-edge-driver\3.141.59\selenium-edge-driver-3.141.59.jar:C:\Users\vramu.ORADEV\.m2\repository\org\seleniumhq\selenium\selenium-firefox-driver\3.141.59\selenium-firefox-driver-3.141.59.jar:C:\Users\vramu.ORADEV\.m2\repository\org\seleniumhq\selenium\selenium-ie-driver\3.141.59\selenium-ie-driver-3.141.59.jar:C:\Users\vramu.ORADEV\.m2\repository\org\seleniumhq\selenium\selenium-opera-driver\3.141.59\selenium-opera-driver-3.141.59.jar:C:\Users\vramu.ORADEV\.m2\repository\org\seleniumhq\selenium\selenium-remote-driver\3.141.59\selenium-remote-driver-3.141.59.jar:C:\Users\vramu.ORADEV\.m2\repository\org\seleniumhq\selenium\selenium-safari-driver\3.141.59\selenium-safari-driver-3.141.59.jar:C:\Users\vramu.ORADEV\.m2\repository\org\seleniumhq\selenium\selenium-support\3.141.59\selenium-support-3.141.59.jar:C:\Users\vramu.ORADEV\.m2\repository\com\beust\jcommander\1.72\jcommander-1.72.jar:C:\Users\vramu.ORADEV\.m2\repository\net\bytebuddy\byte-buddy\1.8.15\byte-buddy-1.8.15.jar:C:\Users\vramu.ORADEV\.m2\repository\org\apache\commons\commons-exec\1.3\commons-exec-1.3.jar:C:\Users\vramu.ORADEV\.m2\repository\com\google\guava\guava\25.0-jre\guava-25.0-jre.jar:C:\Users\vramu.ORADEV\.m2\repository\com\google\code\findbugs\jsr305\1.3.9\jsr305-1.3.9.jar:C:\Users\vramu.ORADEV\.m2\repository\org\checkerframework\checker-compat-qual\2.0.0\checker-compat-qual-2.0.0.jar:C:\Users\vramu.ORADEV\.m2\repository\com\google\errorprone\error_prone_annotations\2.1.3\error_prone_annotations-2.1.3.jar:C:\Users\vramu.ORADEV\.m2\repository\com\google\j2objc\j2objc-annotations\1.1\j2objc-annotations-1.1.jar:C:\Users\vramu.ORADEV\.m2\repository\org\codehaus\mojo\animal-sniffer-annotations\1.14\animal-sniffer-annotations-1.14.jar:C:\Users\vramu.ORADEV\.m2\repository\net\jcip\jcip-annotations\1.0\jcip-annotations-1.0.jar:C:\Users\vramu.ORADEV\.m2\repository\org\seleniumhq\selenium\jetty-repacked\9.4.12.v20180830\jetty-repacked-9.4.12.v20180830.jar:C:\Users\vramu.ORADEV\.m2\repository\com\squareup\okhttp3\okhttp\3.11.0\okhttp-3.11.0.jar:C:\Users\vramu.ORADEV\.m2\repository\com\squareup\okio\okio\1.14.0\okio-1.14.0.jar:C:\Users\vramu.ORADEV\.m2\repository\javax\servlet\javax.servlet-api\3.1.0\javax.servlet-api-3.1.0.jar:C:\Users\vramu.ORADEV\.m2\repository\org\yaml\snakeyaml\1.19\snakeyaml-1.19.jar:C:\Users\vramu.ORADEV\.m2\repository\org\testng\testng\6.14.3\testng-6.14.3.jar:C:\Users\vramu.ORADEV\.m2\repository\org\apache-extras\beanshell\bsh\2.0b6\bsh-2.0b6.jar:C:\Users\vramu.ORADEV\.m2\repository\log4j\log4j\1.2.17\log4j-1.2.17.jar:C:\Users\vramu.ORADEV\.m2\repository\org\json\json\20140107\json-20140107.jar:C:\Users\vramu.ORADEV\.m2\repository\com\google\code\gson\gson\2.8.0\gson-2.8.0.jar org.testng.remote.RemoteTestNG -serport 63249 -d D:\WS7_Rapido\assignment\test-output C:\Users\VRAMU~1.ORA\AppData\Local\Temp\testng-eclipse--821320015\testng-customsuite.xml
